[INFO  - 2020-02-05T13:25:26.299Z] GhostDriver - Main - running on port 54336
[INFO  - 2020-02-05T13:25:29.703Z] Session [fa78ed00-481a-11ea-8524-d9d37f2344c0] - page.settings - {"XSSAuditingEnabled":false,"javascriptCanCloseWindows":true,"javascriptCanOpenWindows":true,"javascriptEnabled":true,"loadImages":true,"localToRemoteUrlAccessEnabled":false,"userAgent":"Mozilla/5.0 (Windows NT 6.2; WOW64) AppleWebKit/538.1 (KHTML, like Gecko) PhantomJS/2.1.1 Safari/538.1","webSecurityEnabled":true}
[INFO  - 2020-02-05T13:25:29.703Z] Session [fa78ed00-481a-11ea-8524-d9d37f2344c0] - page.customHeaders:  - {}
[INFO  - 2020-02-05T13:25:29.756Z] Session [fa78ed00-481a-11ea-8524-d9d37f2344c0] - Session.negotiatedCapabilities - {"browserName":"phantomjs","version":"2.1.1","driverName":"ghostdriver","driverVersion":"1.2.0","platform":"windows-10-32bit","javascriptEnabled":true,"takesScreenshot":true,"handlesAlerts":false,"databaseEnabled":false,"locationContextEnabled":false,"applicationCacheEnabled":false,"browserConnectionEnabled":false,"cssSelectorsEnabled":true,"webStorageEnabled":false,"rotatable":false,"acceptSslCerts":false,"nativeEvents":true,"proxy":{"proxyType":"direct"}}
[INFO  - 2020-02-05T13:25:29.756Z] SessionManagerReqHand - _postNewSessionCommand - New Session Created: fa78ed00-481a-11ea-8524-d9d37f2344c0
[ERROR - 2020-02-05T13:25:35.233Z] Session [fa78ed00-481a-11ea-8524-d9d37f2344c0] - page.onError - msg: ReferenceError: Can't find variable: ReactRailsUJS

  phantomjs://platform/console++.js:263 in error
[ERROR - 2020-02-05T13:25:35.234Z] Session [fa78ed00-481a-11ea-8524-d9d37f2344c0] - page.onError - stack:
  renderOffers (https://landing.jobs/assets/application-51664209316ac4f25649910259ab03de047540367b60dd51511b3a45ff13907c.js:94)
  (anonymous function) (https://landing.jobs/assets/application-51664209316ac4f25649910259ab03de047540367b60dd51511b3a45ff13907c.js:94)
  i (https://ajax.googleapis.com/ajax/libs/jquery/2.2.4/jquery.min.js:2)
  fireWith (https://ajax.googleapis.com/ajax/libs/jquery/2.2.4/jquery.min.js:2)
  z (https://ajax.googleapis.com/ajax/libs/jquery/2.2.4/jquery.min.js:4)
  (anonymous function) (https://ajax.googleapis.com/ajax/libs/jquery/2.2.4/jquery.min.js:4)

  phantomjs://platform/console++.js:263 in error
[INFO  - 2020-02-05T13:30:26.275Z] SessionManagerReqHand - _cleanupWindowlessSessions - Asynchronous Sessions clean-up phase starting NOW
[INFO  - 2020-02-05T13:35:26.278Z] SessionManagerReqHand - _cleanupWindowlessSessions - Asynchronous Sessions clean-up phase starting NOW
[INFO  - 2020-02-05T13:40:26.287Z] SessionManagerReqHand - _cleanupWindowlessSessions - Asynchronous Sessions clean-up phase starting NOW
[INFO  - 2020-02-05T13:45:26.288Z] SessionManagerReqHand - _cleanupWindowlessSessions - Asynchronous Sessions clean-up phase starting NOW
[INFO  - 2020-02-05T13:50:26.306Z] SessionManagerReqHand - _cleanupWindowlessSessions - Asynchronous Sessions clean-up phase starting NOW
[INFO  - 2020-02-05T13:55:26.313Z] SessionManagerReqHand - _cleanupWindowlessSessions - Asynchronous Sessions clean-up phase starting NOW
[INFO  - 2020-02-05T14:00:26.313Z] SessionManagerReqHand - _cleanupWindowlessSessions - Asynchronous Sessions clean-up phase starting NOW
[INFO  - 2020-02-05T14:05:26.313Z] SessionManagerReqHand - _cleanupWindowlessSessions - Asynchronous Sessions clean-up phase starting NOW
[INFO  - 2020-02-05T14:10:26.335Z] SessionManagerReqHand - _cleanupWindowlessSessions - Asynchronous Sessions clean-up phase starting NOW
